# JRE version: Java(TM) SE Runtime Environment (9.0+11) (build 9.0.4+11)
# Java VM: Java HotSpot(TM) 64-Bit Server VM (9.0.4+11, mixed mode, tiered, compressed oops, g1 gc, windows-amd64)
Heap:
 garbage-first heap   total 315392K, used 80301K [0x00000006c0a00000, 0x00000006c0b009a0, 0x00000007c0000000)
  region size 1024K, 62 young (63488K), 20 survivors (20480K)
 Metaspace       used 59085K, capacity 62082K, committed 62416K, reserved 1103872K
  class space    used 7098K, capacity 7604K, committed 7632K, reserved 1048576K
GC Heap History (10 events):
Event: 2.847 GC heap before
{Heap before GC invocations=3 (full 0):
 garbage-first heap   total 262144K, used 67529K [0x00000006c0a00000, 0x00000006c0b00800, 0x00000007c0000000)
  region size 1024K, 64 young (65536K), 11 survivors (11264K)
 Metaspace       used 25964K, capacity 27302K, committed 27520K, reserved 1073152K
  class space    used 3174K, capacity 3449K, committed 3456K, reserved 1048576K
}
Event: 2.857 GC heap after
{Heap after GC invocations=4 (full 0):
 garbage-first heap   total 262144K, used 14702K [0x00000006c0a00000, 0x00000006c0b00800, 0x00000007c0000000)
  region size 1024K, 7 young (7168K), 7 survivors (7168K)
 Metaspace       used 25964K, capacity 27302K, committed 27520K, reserved 1073152K
  class space    used 3174K, capacity 3449K, committed 3456K, reserved 1048576K
}
Event: 3.672 GC heap before
{Heap before GC invocations=4 (full 0):
 garbage-first heap   total 262144K, used 65902K [0x00000006c0a00000, 0x00000006c0b00800, 0x00000007c0000000)
  region size 1024K, 57 young (58368K), 7 survivors (7168K)
 Metaspace       used 29244K, capacity 30774K, committed 30848K, reserved 1077248K
  class space    used 3614K, capacity 3911K, committed 3968K, reserved 1048576K
}
Event: 3.679 GC heap after
{Heap after GC invocations=5 (full 0):
 garbage-first heap   total 262144K, used 15956K [0x00000006c0a00000, 0x00000006c0b00800, 0x00000007c0000000)
  region size 1024K, 6 young (6144K), 6 survivors (6144K)
 Metaspace       used 29244K, capacity 30774K, committed 30848K, reserved 1077248K
  class space    used 3614K, capacity 3911K, committed 3968K, reserved 1048576K
}
Event: 4.250 GC heap before
{Heap before GC invocations=5 (full 0):
 garbage-first heap   total 262144K, used 63060K [0x00000006c0a00000, 0x00000006c0b00800, 0x00000007c0000000)
  region size 1024K, 53 young (54272K), 6 survivors (6144K)
 Metaspace       used 33622K, capacity 35824K, committed 35920K, reserved 1081344K
  class space    used 4208K, capacity 4660K, committed 4688K, reserved 1048576K
}
Event: 4.258 GC heap after
{Heap after GC invocations=6 (full 0):
 garbage-first heap   total 262144K, used 20972K [0x00000006c0a00000, 0x00000006c0b00800, 0x00000007c0000000)
  region size 1024K, 11 young (11264K), 11 survivors (11264K)
 Metaspace       used 33622K, capacity 35824K, committed 35920K, reserved 1081344K
  class space    used 4208K, capacity 4660K, committed 4688K, reserved 1048576K
}
Event: 5.777 GC heap before
{Heap before GC invocations=7 (full 0):
 garbage-first heap   total 262144K, used 129516K [0x00000006c0a00000, 0x00000006c0b00800, 0x00000007c0000000)
  region size 1024K, 117 young (119808K), 11 survivors (11264K)
 Metaspace       used 38260K, capacity 41008K, committed 41296K, reserved 1085440K
  class space    used 4845K, capacity 5335K, committed 5456K, reserved 1048576K
}
Event: 5.792 GC heap after
{Heap after GC invocations=8 (full 0):
 garbage-first heap   total 315392K, used 25424K [0x00000006c0a00000, 0x00000006c0b009a0, 0x00000007c0000000)
  region size 1024K, 8 young (8192K), 8 survivors (8192K)
 Metaspace       used 38260K, capacity 41008K, committed 41296K, reserved 1085440K
  class space    used 4845K, capacity 5335K, committed 5456K, reserved 1048576K
}
Event: 14.320 GC heap before
{Heap before GC invocations=8 (full 0):
 garbage-first heap   total 315392K, used 193360K [0x00000006c0a00000, 0x00000006c0b009a0, 0x00000007c0000000)
  region size 1024K, 173 young (177152K), 8 survivors (8192K)
 Metaspace       used 57033K, capacity 59954K, committed 60240K, reserved 1101824K
  class space    used 6868K, capacity 7385K, committed 7504K, reserved 1048576K
}
Event: 14.339 GC heap after
{Heap after GC invocations=9 (full 0):
 garbage-first heap   total 315392K, used 38317K [0x00000006c0a00000, 0x00000006c0b009a0, 0x00000007c0000000)
  region size 1024K, 20 young (20480K), 20 survivors (20480K)
 Metaspace       used 57033K, capacity 59954K, committed 60240K, reserved 1101824K
  class space    used 6868K, capacity 7385K, committed 7504K, reserved 1048576K
}

