# JRE version: Java(TM) SE Runtime Environment (9.0+11) (build 9.0.4+11)
# Java VM: Java HotSpot(TM) 64-Bit Server VM (9.0.4+11, mixed mode, tiered, compressed oops, g1 gc, windows-amd64)
Heap:
 garbage-first heap   total 315392K, used 77058K [0x00000006c0a00000, 0x00000006c0b009a0, 0x00000007c0000000)
  region size 1024K, 58 young (59392K), 19 survivors (19456K)
 Metaspace       used 59233K, capacity 62246K, committed 62632K, reserved 1103872K
  class space    used 7106K, capacity 7635K, committed 7756K, reserved 1048576K
GC Heap History (10 events):
Event: 2.296 GC heap before
{Heap before GC invocations=3 (full 0):
 garbage-first heap   total 262144K, used 68807K [0x00000006c0a00000, 0x00000006c0b00800, 0x00000007c0000000)
  region size 1024K, 66 young (67584K), 11 survivors (11264K)
 Metaspace       used 26614K, capacity 28146K, committed 28236K, reserved 1073152K
  class space    used 3251K, capacity 3577K, committed 3660K, reserved 1048576K
}
Event: 2.308 GC heap after
{Heap after GC invocations=4 (full 0):
 garbage-first heap   total 262144K, used 14888K [0x00000006c0a00000, 0x00000006c0b00800, 0x00000007c0000000)
  region size 1024K, 7 young (7168K), 7 survivors (7168K)
 Metaspace       used 26614K, capacity 28146K, committed 28236K, reserved 1073152K
  class space    used 3251K, capacity 3577K, committed 3660K, reserved 1048576K
}
Event: 2.876 GC heap before
{Heap before GC invocations=4 (full 0):
 garbage-first heap   total 262144K, used 71208K [0x00000006c0a00000, 0x00000006c0b00800, 0x00000007c0000000)
  region size 1024K, 62 young (63488K), 7 survivors (7168K)
 Metaspace       used 29598K, capacity 31290K, committed 31436K, reserved 1077248K
  class space    used 3667K, capacity 4011K, committed 4044K, reserved 1048576K
}
Event: 2.882 GC heap after
{Heap after GC invocations=5 (full 0):
 garbage-first heap   total 262144K, used 16333K [0x00000006c0a00000, 0x00000006c0b00800, 0x00000007c0000000)
  region size 1024K, 7 young (7168K), 7 survivors (7168K)
 Metaspace       used 29598K, capacity 31290K, committed 31436K, reserved 1077248K
  class space    used 3667K, capacity 4011K, committed 4044K, reserved 1048576K
}
Event: 3.409 GC heap before
{Heap before GC invocations=5 (full 0):
 garbage-first heap   total 262144K, used 84941K [0x00000006c0a00000, 0x00000006c0b00800, 0x00000007c0000000)
  region size 1024K, 75 young (76800K), 7 survivors (7168K)
 Metaspace       used 33791K, capacity 35962K, committed 36048K, reserved 1081344K
  class space    used 4224K, capacity 4661K, committed 4684K, reserved 1048576K
}
Event: 3.418 GC heap after
{Heap after GC invocations=6 (full 0):
 garbage-first heap   total 262144K, used 21590K [0x00000006c0a00000, 0x00000006c0b00800, 0x00000007c0000000)
  region size 1024K, 9 young (9216K), 9 survivors (9216K)
 Metaspace       used 33791K, capacity 35962K, committed 36048K, reserved 1081344K
  class space    used 4224K, capacity 4661K, committed 4684K, reserved 1048576K
}
Event: 6.690 GC heap before
{Heap before GC invocations=7 (full 0):
 garbage-first heap   total 262144K, used 122966K [0x00000006c0a00000, 0x00000006c0b00800, 0x00000007c0000000)
  region size 1024K, 108 young (110592K), 9 survivors (9216K)
 Metaspace       used 39771K, capacity 42622K, committed 42700K, reserved 1087488K
  class space    used 5007K, capacity 5514K, committed 5580K, reserved 1048576K
}
Event: 6.704 GC heap after
{Heap after GC invocations=8 (full 0):
 garbage-first heap   total 315392K, used 27635K [0x00000006c0a00000, 0x00000006c0b009a0, 0x00000007c0000000)
  region size 1024K, 9 young (9216K), 9 survivors (9216K)
 Metaspace       used 39771K, capacity 42622K, committed 42700K, reserved 1087488K
  class space    used 5007K, capacity 5514K, committed 5580K, reserved 1048576K
}
Event: 9.135 GC heap before
{Heap before GC invocations=8 (full 0):
 garbage-first heap   total 315392K, used 182259K [0x00000006c0a00000, 0x00000006c0b009a0, 0x00000007c0000000)
  region size 1024K, 161 young (164864K), 9 survivors (9216K)
 Metaspace       used 57298K, capacity 60234K, committed 60508K, reserved 1101824K
  class space    used 6896K, capacity 7402K, committed 7500K, reserved 1048576K
}
Event: 9.150 GC heap after
{Heap after GC invocations=9 (full 0):
 garbage-first heap   total 315392K, used 38146K [0x00000006c0a00000, 0x00000006c0b009a0, 0x00000007c0000000)
  region size 1024K, 19 young (19456K), 19 survivors (19456K)
 Metaspace       used 57298K, capacity 60234K, committed 60508K, reserved 1101824K
  class space    used 6896K, capacity 7402K, committed 7500K, reserved 1048576K
}

