# JRE version: Java(TM) SE Runtime Environment (9.0+11) (build 9.0.4+11)
# Java VM: Java HotSpot(TM) 64-Bit Server VM (9.0.4+11, mixed mode, tiered, compressed oops, g1 gc, windows-amd64)
Heap:
 garbage-first heap   total 315392K, used 71116K [0x00000006c0a00000, 0x00000006c0b009a0, 0x00000007c0000000)
  region size 1024K, 46 young (47104K), 8 survivors (8192K)
 Metaspace       used 59193K, capacity 62176K, committed 62684K, reserved 1103872K
  class space    used 7107K, capacity 7635K, committed 7704K, reserved 1048576K
GC Heap History (10 events):
Event: 1.643 GC heap before
{Heap before GC invocations=3 (full 0):
 garbage-first heap   total 262144K, used 40001K [0x00000006c0a00000, 0x00000006c0b00800, 0x00000007c0000000)
  region size 1024K, 35 young (35840K), 4 survivors (4096K)
 Metaspace       used 20028K, capacity 21166K, committed 21296K, reserved 1069056K
  class space    used 2423K, capacity 2659K, committed 2688K, reserved 1048576K
}
Event: 1.649 GC heap after
{Heap after GC invocations=4 (full 0):
 garbage-first heap   total 262144K, used 11329K [0x00000006c0a00000, 0x00000006c0b00800, 0x00000007c0000000)
  region size 1024K, 6 young (6144K), 6 survivors (6144K)
 Metaspace       used 20028K, capacity 21166K, committed 21296K, reserved 1069056K
  class space    used 2423K, capacity 2659K, committed 2688K, reserved 1048576K
}
Event: 3.568 GC heap before
{Heap before GC invocations=5 (full 0):
 garbage-first heap   total 262144K, used 161792K [0x00000006c0a00000, 0x00000006c0b00800, 0x00000007c0000000)
  region size 1024K, 153 young (156672K), 6 survivors (6144K)
 Metaspace       used 32767K, capacity 34986K, committed 35148K, reserved 1079296K
  class space    used 4132K, capacity 4557K, committed 4684K, reserved 1048576K
}
Event: 3.586 GC heap after
{Heap after GC invocations=6 (full 0):
 garbage-first heap   total 262144K, used 28376K [0x00000006c0a00000, 0x00000006c0b00800, 0x00000007c0000000)
  region size 1024K, 20 young (20480K), 20 survivors (20480K)
 Metaspace       used 32767K, capacity 34986K, committed 35148K, reserved 1079296K
  class space    used 4132K, capacity 4557K, committed 4684K, reserved 1048576K
}
Event: 3.866 GC heap before
{Heap before GC invocations=6 (full 0):
 garbage-first heap   total 262144K, used 59096K [0x00000006c0a00000, 0x00000006c0b00800, 0x00000007c0000000)
  region size 1024K, 51 young (52224K), 20 survivors (20480K)
 Metaspace       used 33800K, capacity 35962K, committed 36048K, reserved 1081344K
  class space    used 4239K, capacity 4661K, committed 4684K, reserved 1048576K
}
Event: 3.883 GC heap after
{Heap after GC invocations=7 (full 0):
 garbage-first heap   total 315392K, used 23702K [0x00000006c0a00000, 0x00000006c0b009a0, 0x00000007c0000000)
  region size 1024K, 3 young (3072K), 3 survivors (3072K)
 Metaspace       used 33800K, capacity 35962K, committed 36048K, reserved 1081344K
  class space    used 4239K, capacity 4661K, committed 4684K, reserved 1048576K
}
Event: 18.318 GC heap before
{Heap before GC invocations=8 (full 0):
 garbage-first heap   total 315392K, used 206998K [0x00000006c0a00000, 0x00000006c0b009a0, 0x00000007c0000000)
  region size 1024K, 184 young (188416K), 3 survivors (3072K)
 Metaspace       used 48356K, capacity 51272K, committed 51480K, reserved 1093632K
  class space    used 5918K, capacity 6424K, committed 6424K, reserved 1048576K
}
Event: 18.330 GC heap after
{Heap after GC invocations=9 (full 0):
 garbage-first heap   total 315392K, used 36333K [0x00000006c0a00000, 0x00000006c0b009a0, 0x00000007c0000000)
  region size 1024K, 17 young (17408K), 17 survivors (17408K)
 Metaspace       used 48356K, capacity 51272K, committed 51480K, reserved 1093632K
  class space    used 5918K, capacity 6424K, committed 6424K, reserved 1048576K
}
Event: 19.080 GC heap before
{Heap before GC invocations=9 (full 0):
 garbage-first heap   total 315392K, used 110061K [0x00000006c0a00000, 0x00000006c0b009a0, 0x00000007c0000000)
  region size 1024K, 90 young (92160K), 17 survivors (17408K)
 Metaspace       used 57436K, capacity 60388K, committed 60636K, reserved 1101824K
  class space    used 6909K, capacity 7434K, committed 7448K, reserved 1048576K
}
Event: 19.092 GC heap after
{Heap after GC invocations=10 (full 0):
 garbage-first heap   total 315392K, used 33228K [0x00000006c0a00000, 0x00000006c0b009a0, 0x00000007c0000000)
  region size 1024K, 8 young (8192K), 8 survivors (8192K)
 Metaspace       used 57436K, capacity 60388K, committed 60636K, reserved 1101824K
  class space    used 6909K, capacity 7434K, committed 7448K, reserved 1048576K
}

