# JRE version: Java(TM) SE Runtime Environment (9.0+11) (build 9.0.4+11)
# Java VM: Java HotSpot(TM) 64-Bit Server VM (9.0.4+11, mixed mode, tiered, compressed oops, g1 gc, windows-amd64)
Heap:
 garbage-first heap   total 315392K, used 83016K [0x00000006c0a00000, 0x00000006c0b009a0, 0x00000007c0000000)
  region size 1024K, 65 young (66560K), 20 survivors (20480K)
 Metaspace       used 59039K, capacity 62074K, committed 62460K, reserved 1103872K
  class space    used 7088K, capacity 7602K, committed 7676K, reserved 1048576K
GC Heap History (10 events):
Event: 2.301 GC heap before
{Heap before GC invocations=3 (full 0):
 garbage-first heap   total 262144K, used 68300K [0x00000006c0a00000, 0x00000006c0b00800, 0x00000007c0000000)
  region size 1024K, 66 young (67584K), 11 survivors (11264K)
 Metaspace       used 26414K, capacity 27942K, committed 28160K, reserved 1073152K
  class space    used 3236K, capacity 3559K, committed 3584K, reserved 1048576K
}
Event: 2.311 GC heap after
{Heap after GC invocations=4 (full 0):
 garbage-first heap   total 262144K, used 15473K [0x00000006c0a00000, 0x00000006c0b00800, 0x00000007c0000000)
  region size 1024K, 8 young (8192K), 8 survivors (8192K)
 Metaspace       used 26414K, capacity 27942K, committed 28160K, reserved 1073152K
  class space    used 3236K, capacity 3559K, committed 3584K, reserved 1048576K
}
Event: 3.035 GC heap before
{Heap before GC invocations=4 (full 0):
 garbage-first heap   total 262144K, used 68721K [0x00000006c0a00000, 0x00000006c0b00800, 0x00000007c0000000)
  region size 1024K, 60 young (61440K), 8 survivors (8192K)
 Metaspace       used 29464K, capacity 31144K, committed 31488K, reserved 1077248K
  class space    used 3660K, capacity 4008K, committed 4096K, reserved 1048576K
}
Event: 3.041 GC heap after
{Heap after GC invocations=5 (full 0):
 garbage-first heap   total 262144K, used 16710K [0x00000006c0a00000, 0x00000006c0b00800, 0x00000007c0000000)
  region size 1024K, 7 young (7168K), 7 survivors (7168K)
 Metaspace       used 29464K, capacity 31144K, committed 31488K, reserved 1077248K
  class space    used 3660K, capacity 4008K, committed 4096K, reserved 1048576K
}
Event: 3.490 GC heap before
{Heap before GC invocations=5 (full 0):
 garbage-first heap   total 262144K, used 64838K [0x00000006c0a00000, 0x00000006c0b00800, 0x00000007c0000000)
  region size 1024K, 55 young (56320K), 7 survivors (7168K)
 Metaspace       used 33340K, capacity 35540K, committed 35708K, reserved 1081344K
  class space    used 4188K, capacity 4628K, committed 4732K, reserved 1048576K
}
Event: 3.498 GC heap after
{Heap after GC invocations=6 (full 0):
 garbage-first heap   total 315392K, used 21052K [0x00000006c0a00000, 0x00000006c0b009a0, 0x00000007c0000000)
  region size 1024K, 11 young (11264K), 11 survivors (11264K)
 Metaspace       used 33340K, capacity 35540K, committed 35708K, reserved 1081344K
  class space    used 4188K, capacity 4628K, committed 4732K, reserved 1048576K
}
Event: 4.391 GC heap before
{Heap before GC invocations=7 (full 0):
 garbage-first heap   total 315392K, used 129596K [0x00000006c0a00000, 0x00000006c0b009a0, 0x00000007c0000000)
  region size 1024K, 117 young (119808K), 11 survivors (11264K)
 Metaspace       used 38097K, capacity 40802K, committed 40956K, reserved 1085440K
  class space    used 4823K, capacity 5319K, committed 5372K, reserved 1048576K
}
Event: 4.404 GC heap after
{Heap after GC invocations=8 (full 0):
 garbage-first heap   total 315392K, used 25735K [0x00000006c0a00000, 0x00000006c0b009a0, 0x00000007c0000000)
  region size 1024K, 8 young (8192K), 8 survivors (8192K)
 Metaspace       used 38097K, capacity 40802K, committed 40956K, reserved 1085440K
  class space    used 4823K, capacity 5319K, committed 5372K, reserved 1048576K
}
Event: 9.209 GC heap before
{Heap before GC invocations=8 (full 0):
 garbage-first heap   total 315392K, used 194695K [0x00000006c0a00000, 0x00000006c0b009a0, 0x00000007c0000000)
  region size 1024K, 174 young (178176K), 8 survivors (8192K)
 Metaspace       used 56784K, capacity 59646K, committed 59900K, reserved 1101824K
  class space    used 6839K, capacity 7349K, committed 7420K, reserved 1048576K
}
Event: 9.228 GC heap after
{Heap after GC invocations=9 (full 0):
 garbage-first heap   total 315392K, used 37960K [0x00000006c0a00000, 0x00000006c0b009a0, 0x00000007c0000000)
  region size 1024K, 20 young (20480K), 20 survivors (20480K)
 Metaspace       used 56784K, capacity 59646K, committed 59900K, reserved 1101824K
  class space    used 6839K, capacity 7349K, committed 7420K, reserved 1048576K
}

